<?xml version="1.0" encoding="UTF-8" standalone="yes"?><!DOCTYPE report PUBLIC "-//JACOCO//DTD Report 1.1//EN" "report.dtd"><report name="praktikum"><sessioninfo id="MacBook-Air-Almat.local-8ed6032d" start="1713812587997" dump="1713812588228"/><sessioninfo id="MacBook-Air-Almat.local-5f543de7" start="1713813276664" dump="1713813277381"/><sessioninfo id="MacBook-Air-Almat.local-e18352da" start="1713813369439" dump="1713813370053"/><sessioninfo id="MacBook-Air-Almat.local-3c5ee3fb" start="1713813719967" dump="1713813720410"/><sessioninfo id="MacBook-Air-Almat.local-9426245e" start="1713813847619" dump="1713813848046"/><sessioninfo id="MacBook-Air-Almat.local-81137d24" start="1713814186587" dump="1713814187029"/><sessioninfo id="MacBook-Air-Almat.local-5b2a2be9" start="1713817153218" dump="1713817153635"/><sessioninfo id="MacBook-Air-Almat.local-318fffd2" start="1713817231653" dump="1713817232080"/><sessioninfo id="MacBook-Air-Almat.local-dc75bf19" start="1713817286870" dump="1713817287288"/><sessioninfo id="MacBook-Air-Almat.local-904a14d1" start="1713859086432" dump="1713859086975"/><sessioninfo id="MacBook-Air-Almat.local-8df5109e" start="1713859091468" dump="1713859091882"/><sessioninfo id="MacBook-Air-Almat.local-e4430493" start="1714072605635" dump="1714072606100"/><sessioninfo id="MacBook-Air-Almat.local-d71a30d5" start="1715490239242" dump="1715490239917"/><sessioninfo id="MacBook-Air-Almat.local-39847d05" start="1716494888549" dump="1716494889199"/><sessioninfo id="MacBook-Air-Almat.local-e2a6b3ec" start="1716494920538" dump="1716494921143"/><package name="praktikum"><class name="praktikum/Bun" sourcefilename="Bun.java"><method name="&lt;init&gt;" desc="(Ljava/lang/String;F)V" line="12"><counter type="INSTRUCTION" missed="0" covered="9"/><counter type="LINE" missed="0" covered="4"/><counter type="COMPLEXITY" missed="0" covered="1"/><counter type="METHOD" missed="0" covered="1"/></method><method name="getName" desc="()Ljava/lang/String;" line="18"><counter type="INSTRUCTION" missed="0" covered="3"/><counter type="LINE" missed="0" covered="1"/><counter type="COMPLEXITY" missed="0" covered="1"/><counter type="METHOD" missed="0" covered="1"/></method><method name="getPrice" desc="()F" line="22"><counter type="INSTRUCTION" missed="0" covered="3"/><counter type="LINE" missed="0" covered="1"/><counter type="COMPLEXITY" missed="0" covered="1"/><counter type="METHOD" missed="0" covered="1"/></method><counter type="INSTRUCTION" missed="0" covered="15"/><counter type="LINE" missed="0" covered="6"/><counter type="COMPLEXITY" missed="0" covered="3"/><counter type="METHOD" missed="0" covered="3"/><counter type="CLASS" missed="0" covered="1"/></class><class name="praktikum/IngredientType" sourcefilename="IngredientType.java"><method name="&lt;clinit&gt;" desc="()V" line="8"><counter type="INSTRUCTION" missed="0" covered="15"/><counter type="LINE" missed="0" covered="3"/><counter type="COMPLEXITY" missed="0" covered="1"/><counter type="METHOD" missed="0" covered="1"/></method><counter type="INSTRUCTION" missed="0" covered="15"/><counter type="LINE" missed="0" covered="3"/><counter type="COMPLEXITY" missed="0" covered="1"/><counter type="METHOD" missed="0" covered="1"/><counter type="CLASS" missed="0" covered="1"/></class><class name="praktikum/Burger" sourcefilename="Burger.java"><method name="&lt;init&gt;" desc="()V" line="12"><counter type="INSTRUCTION" missed="0" covered="8"/><counter type="LINE" missed="0" covered="2"/><counter type="COMPLEXITY" missed="0" covered="1"/><counter type="METHOD" missed="0" covered="1"/></method><method name="setBuns" desc="(Lpraktikum/Bun;)V" line="18"><counter type="INSTRUCTION" missed="0" covered="4"/><counter type="LINE" missed="0" covered="2"/><counter type="COMPLEXITY" missed="0" covered="1"/><counter type="METHOD" missed="0" covered="1"/></method><method name="addIngredient" desc="(Lpraktikum/Ingredient;)V" line="22"><counter type="INSTRUCTION" missed="0" covered="6"/><counter type="LINE" missed="0" covered="2"/><counter type="COMPLEXITY" missed="0" covered="1"/><counter type="METHOD" missed="0" covered="1"/></method><method name="removeIngredient" desc="(I)V" line="26"><counter type="INSTRUCTION" missed="0" covered="6"/><counter type="LINE" missed="0" covered="2"/><counter type="COMPLEXITY" missed="0" covered="1"/><counter type="METHOD" missed="0" covered="1"/></method><method name="moveIngredient" desc="(II)V" line="30"><counter type="INSTRUCTION" missed="0" covered="10"/><counter type="LINE" missed="0" covered="2"/><counter type="COMPLEXITY" missed="0" covered="1"/><counter type="METHOD" missed="0" covered="1"/></method><method name="getPrice" desc="()F" line="34"><counter type="INSTRUCTION" missed="0" covered="25"/><counter type="BRANCH" missed="0" covered="2"/><counter type="LINE" missed="0" covered="5"/><counter type="COMPLEXITY" missed="0" covered="2"/><counter type="METHOD" missed="0" covered="1"/></method><method name="getReceipt" desc="()Ljava/lang/String;" line="44"><counter type="INSTRUCTION" missed="49" covered="25"/><counter type="BRANCH" missed="1" covered="1"/><counter type="LINE" missed="6" covered="2"/><counter type="COMPLEXITY" missed="1" covered="1"/><counter type="METHOD" missed="0" covered="1"/></method><counter type="INSTRUCTION" missed="49" covered="84"/><counter type="BRANCH" missed="1" covered="3"/><counter type="LINE" missed="6" covered="17"/><counter type="COMPLEXITY" missed="1" covered="8"/><counter type="METHOD" missed="0" covered="7"/><counter type="CLASS" missed="0" covered="1"/></class><class name="praktikum/Database" sourcefilename="Database.java"><method name="&lt;init&gt;" desc="()V" line="11"><counter type="INSTRUCTION" missed="100" covered="0"/><counter type="LINE" missed="13" covered="0"/><counter type="COMPLEXITY" missed="1" covered="0"/><counter type="METHOD" missed="1" covered="0"/></method><method name="availableBuns" desc="()Ljava/util/List;" line="29"><counter type="INSTRUCTION" missed="3" covered="0"/><counter type="LINE" missed="1" covered="0"/><counter type="COMPLEXITY" missed="1" covered="0"/><counter type="METHOD" missed="1" covered="0"/></method><method name="availableIngredients" desc="()Ljava/util/List;" line="33"><counter type="INSTRUCTION" missed="3" covered="0"/><counter type="LINE" missed="1" covered="0"/><counter type="COMPLEXITY" missed="1" covered="0"/><counter type="METHOD" missed="1" covered="0"/></method><counter type="INSTRUCTION" missed="106" covered="0"/><counter type="LINE" missed="15" covered="0"/><counter type="COMPLEXITY" missed="3" covered="0"/><counter type="METHOD" missed="3" covered="0"/><counter type="CLASS" missed="1" covered="0"/></class><class name="praktikum/Ingredient" sourcefilename="Ingredient.java"><method name="&lt;init&gt;" desc="(Lpraktikum/IngredientType;Ljava/lang/String;F)V" line="14"><counter type="INSTRUCTION" missed="0" covered="12"/><counter type="LINE" missed="0" covered="5"/><counter type="COMPLEXITY" missed="0" covered="1"/><counter type="METHOD" missed="0" covered="1"/></method><method name="getPrice" desc="()F" line="21"><counter type="INSTRUCTION" missed="0" covered="3"/><counter type="LINE" missed="0" covered="1"/><counter type="COMPLEXITY" missed="0" covered="1"/><counter type="METHOD" missed="0" covered="1"/></method><method name="getName" desc="()Ljava/lang/String;" line="25"><counter type="INSTRUCTION" missed="3" covered="0"/><counter type="LINE" missed="1" covered="0"/><counter type="COMPLEXITY" missed="1" covered="0"/><counter type="METHOD" missed="1" covered="0"/></method><method name="getType" desc="()Lpraktikum/IngredientType;" line="29"><counter type="INSTRUCTION" missed="3" covered="0"/><counter type="LINE" missed="1" covered="0"/><counter type="COMPLEXITY" missed="1" covered="0"/><counter type="METHOD" missed="1" covered="0"/></method><counter type="INSTRUCTION" missed="6" covered="15"/><counter type="LINE" missed="2" covered="6"/><counter type="COMPLEXITY" missed="2" covered="2"/><counter type="METHOD" missed="2" covered="2"/><counter type="CLASS" missed="0" covered="1"/></class><class name="praktikum/Praktikum" sourcefilename="Praktikum.java"><method name="&lt;init&gt;" desc="()V" line="5"><counter type="INSTRUCTION" missed="3" covered="0"/><counter type="LINE" missed="1" covered="0"/><counter type="COMPLEXITY" missed="1" covered="0"/><counter type="METHOD" missed="1" covered="0"/></method><method name="main" desc="([Ljava/lang/String;)V" line="9"><counter type="INSTRUCTION" missed="60" covered="0"/><counter type="LINE" missed="14" covered="0"/><counter type="COMPLEXITY" missed="1" covered="0"/><counter type="METHOD" missed="1" covered="0"/></method><counter type="INSTRUCTION" missed="63" covered="0"/><counter type="LINE" missed="15" covered="0"/><counter type="COMPLEXITY" missed="2" covered="0"/><counter type="METHOD" missed="2" covered="0"/><counter type="CLASS" missed="1" covered="0"/></class><sourcefile name="Database.java"><line nr="11" mi="5" ci="0" mb="0" cb="0"/><line nr="12" mi="5" ci="0" mb="0" cb="0"/><line nr="14" mi="2" ci="0" mb="0" cb="0"/><line nr="15" mi="9" ci="0" mb="0" cb="0"/><line nr="16" mi="9" ci="0" mb="0" cb="0"/><line nr="17" mi="9" ci="0" mb="0" cb="0"/><line nr="19" mi="10" ci="0" mb="0" cb="0"/><line nr="20" mi="10" ci="0" mb="0" cb="0"/><line nr="21" mi="10" ci="0" mb="0" cb="0"/><line nr="23" mi="10" ci="0" mb="0" cb="0"/><line nr="24" mi="10" ci="0" mb="0" cb="0"/><line nr="25" mi="10" ci="0" mb="0" cb="0"/><line nr="26" mi="1" ci="0" mb="0" cb="0"/><line nr="29" mi="3" ci="0" mb="0" cb="0"/><line nr="33" mi="3" ci="0" mb="0" cb="0"/><counter type="INSTRUCTION" missed="106" covered="0"/><counter type="LINE" missed="15" covered="0"/><counter type="COMPLEXITY" missed="3" covered="0"/><counter type="METHOD" missed="3" covered="0"/><counter type="CLASS" missed="1" covered="0"/></sourcefile><sourcefile name="Bun.java"><line nr="12" mi="0" ci="2" mb="0" cb="0"/><line nr="13" mi="0" ci="3" mb="0" cb="0"/><line nr="14" mi="0" ci="3" mb="0" cb="0"/><line nr="15" mi="0" ci="1" mb="0" cb="0"/><line nr="18" mi="0" ci="3" mb="0" cb="0"/><line nr="22" mi="0" ci="3" mb="0" cb="0"/><counter type="INSTRUCTION" missed="0" covered="15"/><counter type="LINE" missed="0" covered="6"/><counter type="COMPLEXITY" missed="0" covered="3"/><counter type="METHOD" missed="0" covered="3"/><counter type="CLASS" missed="0" covered="1"/></sourcefile><sourcefile name="Burger.java"><line nr="12" mi="0" ci="2" mb="0" cb="0"/><line nr="15" mi="0" ci="6" mb="0" cb="0"/><line nr="18" mi="0" ci="3" mb="0" cb="0"/><line nr="19" mi="0" ci="1" mb="0" cb="0"/><line nr="22" mi="0" ci="5" mb="0" cb="0"/><line nr="23" mi="0" ci="1" mb="0" cb="0"/><line nr="26" mi="0" ci="5" mb="0" cb="0"/><line nr="27" mi="0" ci="1" mb="0" cb="0"/><line nr="30" mi="0" ci="9" mb="0" cb="0"/><line nr="31" mi="0" ci="1" mb="0" cb="0"/><line nr="34" mi="0" ci="6" mb="0" cb="0"/><line nr="36" mi="0" ci="11" mb="0" cb="2"/><line nr="37" mi="0" ci="5" mb="0" cb="0"/><line nr="38" mi="0" ci="1" mb="0" cb="0"/><line nr="40" mi="0" ci="2" mb="0" cb="0"/><line nr="44" mi="0" ci="14" mb="0" cb="0"/><line nr="46" mi="0" ci="11" mb="1" cb="1"/><line nr="47" mi="17" ci="0" mb="0" cb="0"/><line nr="48" mi="2" ci="0" mb="0" cb="0"/><line nr="49" mi="1" ci="0" mb="0" cb="0"/><line nr="51" mi="13" ci="0" mb="0" cb="0"/><line nr="52" mi="13" ci="0" mb="0" cb="0"/><line nr="54" mi="3" ci="0" mb="0" cb="0"/><counter type="INSTRUCTION" missed="49" covered="84"/><counter type="BRANCH" missed="1" covered="3"/><counter type="LINE" missed="6" covered="17"/><counter type="COMPLEXITY" missed="1" covered="8"/><counter type="METHOD" missed="0" covered="7"/><counter type="CLASS" missed="0" covered="1"/></sourcefile><sourcefile name="Praktikum.java"><line nr="5" mi="3" ci="0" mb="0" cb="0"/><line nr="9" mi="4" ci="0" mb="0" cb="0"/><line nr="12" mi="4" ci="0" mb="0" cb="0"/><line nr="15" mi="3" ci="0" mb="0" cb="0"/><line nr="18" mi="3" ci="0" mb="0" cb="0"/><line nr="21" mi="6" ci="0" mb="0" cb="0"/><line nr="23" mi="6" ci="0" mb="0" cb="0"/><line nr="24" mi="6" ci="0" mb="0" cb="0"/><line nr="25" mi="6" ci="0" mb="0" cb="0"/><line nr="26" mi="6" ci="0" mb="0" cb="0"/><line nr="29" mi="4" ci="0" mb="0" cb="0"/><line nr="32" mi="3" ci="0" mb="0" cb="0"/><line nr="35" mi="4" ci="0" mb="0" cb="0"/><line nr="36" mi="4" ci="0" mb="0" cb="0"/><line nr="37" mi="1" ci="0" mb="0" cb="0"/><counter type="INSTRUCTION" missed="63" covered="0"/><counter type="LINE" missed="15" covered="0"/><counter type="COMPLEXITY" missed="2" covered="0"/><counter type="METHOD" missed="2" covered="0"/><counter type="CLASS" missed="1" covered="0"/></sourcefile><sourcefile name="IngredientType.java"><line nr="8" mi="0" ci="3" mb="0" cb="0"/><line nr="9" mi="0" ci="6" mb="0" cb="0"/><line nr="10" mi="0" ci="6" mb="0" cb="0"/><counter type="INSTRUCTION" missed="0" covered="15"/><counter type="LINE" missed="0" covered="3"/><counter type="COMPLEXITY" missed="0" covered="1"/><counter type="METHOD" missed="0" covered="1"/><counter type="CLASS" missed="0" covered="1"/></sourcefile><sourcefile name="Ingredient.java"><line nr="14" mi="0" ci="2" mb="0" cb="0"/><line nr="15" mi="0" ci="3" mb="0" cb="0"/><line nr="16" mi="0" ci="3" mb="0" cb="0"/><line nr="17" mi="0" ci="3" mb="0" cb="0"/><line nr="18" mi="0" ci="1" mb="0" cb="0"/><line nr="21" mi="0" ci="3" mb="0" cb="0"/><line nr="25" mi="3" ci="0" mb="0" cb="0"/><line nr="29" mi="3" ci="0" mb="0" cb="0"/><counter type="INSTRUCTION" missed="6" covered="15"/><counter type="LINE" missed="2" covered="6"/><counter type="COMPLEXITY" missed="2" covered="2"/><counter type="METHOD" missed="2" covered="2"/><counter type="CLASS" missed="0" covered="1"/></sourcefile><counter type="INSTRUCTION" missed="224" covered="129"/><counter type="BRANCH" missed="1" covered="3"/><counter type="LINE" missed="38" covered="32"/><counter type="COMPLEXITY" missed="8" covered="14"/><counter type="METHOD" missed="7" covered="13"/><counter type="CLASS" missed="2" covered="4"/></package><counter type="INSTRUCTION" missed="224" covered="129"/><counter type="BRANCH" missed="1" covered="3"/><counter type="LINE" missed="38" covered="32"/><counter type="COMPLEXITY" missed="8" covered="14"/><counter type="METHOD" missed="7" covered="13"/><counter type="CLASS" missed="2" covered="4"/></report>